[2023-04-05 20:08:49] [info] Start Program:
Path:"C:\\OOP\\LibraryManager\\Debug\\LibraryManager.exe"
Arguments:
Working directory: "C:\\OOP\\LibraryManager\\LibraryManager\\"
Modules: Selected: C:\OOP\LibraryManager\Debug\LibraryManager.exe Excluded: 
Sources: Selected: C:\OOP\LibraryManager\LibraryManager Excluded: 
Log Level: Normal
Cover Children: 0
Aggregate by file: 1
Continue after C++ exception: 0
Optimized build support: 0
Export: binary C:\Users\Senpai\AppData\Local\Temp\gn1d3poy.vz0 
Input coverage: 
Unified diff: 
Excluded line regular expressions: 
Substitute pdb source paths: 

[2023-04-05 20:08:49] [info] Module: C:\OOP\LibraryManager\Debug\LibraryManager.exe is selected because it matches selected pattern: C:\OOP\LibraryManager\Debug\LibraryManager.exe
[2023-04-05 20:08:49] [info] ----------------------------------------------------
[2023-04-05 20:08:49] [info] Coverage binary generated in file: C:\Users\Senpai\AppData\Local\Temp\gn1d3poy.vz0
[2023-04-05 20:08:49] [info] ----------------------------------------------------
